<?xml version="1.0" encoding="UTF-8"?>
<!-- Generated by org.testng.reporters.JUnitXMLReporter -->
<testsuite hostname="ALFA01c" ignored="0" name="Surefire test" tests="3" failures="0" timestamp="2024-09-23T15:16:45 CEST" time="0.021" errors="0">
  <testcase name="setup" time="0.003" classname="org.example.FirstTestCase"/>
  <testcase name="login" time="0.0" classname="org.example.FirstTestCase"/>
  <testcase name="teardown" time="0.0" classname="org.example.FirstTestCase"/>
</testsuite> <!-- Surefire test -->
