<?xml version="1.0" encoding="UTF-8"?>
<testsuite xmlns:xsi="http://www.w3.org/2001/XMLSchema-instance" xsi:noNamespaceSchemaLocation="https://maven.apache.org/surefire/maven-surefire-plugin/xsd/surefire-test-report-3.0.xsd" version="3.0" name="org.example.FirstTestCase" time="0.426" tests="3" errors="0" skipped="0" failures="0">
  <properties>
[...]
</properties>
  <testcase name="setup" classname="org.example.FirstTestCase" time="0.005">
    <system-out><![CDATA[This is a setup test
]]></system-out>
  </testcase>
  <testcase name="login" classname="org.example.FirstTestCase" time="0.0">
    <system-out><![CDATA[This is the login test
]]></system-out>
  </testcase>
  <testcase name="teardown" classname="org.example.FirstTestCase" time="0.001">
    <system-out><![CDATA[This is the close test
]]></system-out>
  </testcase>
</testsuite>